Warning: Duplicate directory name: /usr/local/matlab-2008b/toolbox/local. 
Compiler version: 4.9 (R2008b) 
Processing /usr/local/matlab-2008b/toolbox/matlab/mcc.enc
Processing /usr/local/matlab-2008b/toolbox/images/mcc.enc
Processing /usr/local/matlab-2008b/toolbox/stats/mcc.enc
Processing /usr/local/matlab-2008b/toolbox/shared/imageslib/mcc.enc
mcc -o 'qtrak_cluster' -W 'main' -d '/home/liujin/EricHoopfer/trunk/QTRAK/qtrak_cluster/qtrak_cluster/src' -T 'link:exe' -v -C '/home/liujin/EricHoopfer/trunk/QTRAK/qtrak_cluster/qtrak_cluster.m' -a '/home/liujin/EricHoopfer/trunk/QTRAK/qtrak_cluster/auto_cal.m' -a '/home/liujin/EricHoopfer/trunk/QTRAK/qtrak_cluster/auto_cal_circ.m' -a '/home/liujin/EricHoopfer/trunk/QTRAK/qtrak_cluster/calibrate.m' -a '/home/liujin/EricHoopfer/trunk/QTRAK/qtrak_cluster/callback.m' -a '/home/liujin/EricHoopfer/trunk/QTRAK/qtrak_cluster/CircularHough_Grd.m' -a '/home/liujin/EricHoopfer/trunk/QTRAK/qtrak_cluster/consist.m' -a '/home/liujin/EricHoopfer/trunk/QTRAK/qtrak_cluster/FFGrab.mexa64' -a '/home/liujin/EricHoopfer/trunk/QTRAK/qtrak_cluster/fhist.m' -a '/home/liujin/EricHoopfer/trunk/QTRAK/qtrak_cluster/fhistc.mexa64' -a '/home/liujin/EricHoopfer/trunk/QTRAK/qtrak_cluster/fhistfit.m' -a '/home/liujin/EricHoopfer/trunk/QTRAK/qtrak_cluster/fly_bodymeas.m' -a '/home/liujin/EricHoopfer/trunk/QTRAK/qtrak_cluster/fly_headtailwings.m' -a '/home/liujin/EricHoopfer/trunk/QTRAK/qtrak_cluster/fotsu.m' -a '/home/liujin/EricHoopfer/trunk/QTRAK/qtrak_cluster/gauss.m' -a '/home/liujin/EricHoopfer/trunk/QTRAK/qtrak_cluster/gmm.m' -a '/home/liujin/EricHoopfer/trunk/QTRAK/qtrak_cluster/gmmactiv.m' -a '/home/liujin/EricHoopfer/trunk/QTRAK/qtrak_cluster/gmmem.m' -a '/home/liujin/EricHoopfer/trunk/QTRAK/qtrak_cluster/gmminit.m' -a '/home/liujin/EricHoopfer/trunk/QTRAK/qtrak_cluster/gmmpost.m' -a '/home/liujin/EricHoopfer/trunk/QTRAK/qtrak_cluster/gmmprob.m' -a '/home/liujin/EricHoopfer/trunk/QTRAK/qtrak_cluster/GNU_message.m' -a '/home/liujin/EricHoopfer/trunk/QTRAK/qtrak_cluster/histfit.m' -a '/home/liujin/EricHoopfer/trunk/QTRAK/qtrak_cluster/intersect_flies.m' -a '/home/liujin/EricHoopfer/trunk/QTRAK/qtrak_cluster/kmeans.m' -a '/home/liujin/EricHoopfer/trunk/QTRAK/qtrak_cluster/mask2ellipses.m' -a '/home/liujin/EricHoopfer/trunk/QTRAK/qtrak_cluster/mmread.m' -a '/home/liujin/EricHoopfer/trunk/QTRAK/qtrak_cluster/openavi.m' -a '/home/liujin/EricHoopfer/trunk/QTRAK/qtrak_cluster/PlotImage_Captioning.m' -a '/home/liujin/EricHoopfer/trunk/QTRAK/qtrak_cluster/ProcessFrameCapWin.m' -a '/home/liujin/EricHoopfer/trunk/QTRAK/qtrak_cluster/ProcessFrameMeanWin.m' -a '/home/liujin/EricHoopfer/trunk/QTRAK/qtrak_cluster/seg_fullfly.m' -a '/home/liujin/EricHoopfer/trunk/QTRAK/qtrak_cluster/seg_fullfly_inconstbox.m' -a '/home/liujin/EricHoopfer/trunk/QTRAK/qtrak_cluster/seg_fullfly_inflexbox.m' -a '/home/liujin/EricHoopfer/trunk/QTRAK/qtrak_cluster/segfly.m' -a '/home/liujin/EricHoopfer/trunk/QTRAK/qtrak_cluster/switch_flies.m' -a '/home/liujin/EricHoopfer/trunk/QTRAK/qtrak_cluster/write_sequence.m' -a '/home/liujin/EricHoopfer/trunk/QTRAK/qtrak_cluster/write_sequence_crop.m' -a '/home/liujin/EricHoopfer/trunk/QTRAK/qtrak_cluster/dist2.m' -a '/home/liujin/EricHoopfer/trunk/QTRAK/qtrak_cluster/ellipsefit.m' -a '/home/liujin/EricHoopfer/trunk/QTRAK/qtrak_cluster/analyze_data.m' -a '/home/liujin/EricHoopfer/trunk/QTRAK/qtrak_cluster/chasing.m' -a '/home/liujin/EricHoopfer/trunk/QTRAK/qtrak_cluster/circling.m' -a '/home/liujin/EricHoopfer/trunk/QTRAK/qtrak_cluster/condens_bouts.m' -a '/home/liujin/EricHoopfer/trunk/QTRAK/qtrak_cluster/default_parameters.m' -a '/home/liujin/EricHoopfer/trunk/QTRAK/qtrak_cluster/den_feat.m' -a '/home/liujin/EricHoopfer/trunk/QTRAK/qtrak_cluster/detect_bouts.m' -a '/home/liujin/EricHoopfer/trunk/QTRAK/qtrak_cluster/detect_copul.m' -a '/home/liujin/EricHoopfer/trunk/QTRAK/qtrak_cluster/detect_threat.m' -a '/home/liujin/EricHoopfer/trunk/QTRAK/qtrak_cluster/detect_tussls.m' -a '/home/liujin/EricHoopfer/trunk/QTRAK/qtrak_cluster/embedded_analysis.m' -a '/home/liujin/EricHoopfer/trunk/QTRAK/qtrak_cluster/filtfilt.m' -a '/home/liujin/EricHoopfer/trunk/QTRAK/qtrak_cluster/jumping.m' -a '/home/liujin/EricHoopfer/trunk/QTRAK/qtrak_cluster/load_ROI.m' -a '/home/liujin/EricHoopfer/trunk/QTRAK/qtrak_cluster/read_feat.m' -a '/home/liujin/EricHoopfer/trunk/QTRAK/qtrak_cluster/tta1.mat' -a '/home/liujin/EricHoopfer/trunk/QTRAK/qtrak_cluster/ttC.mat' -a '/home/liujin/EricHoopfer/trunk/QTRAK/qtrak_cluster/ttr1.mat' -a '/home/liujin/EricHoopfer/trunk/QTRAK/qtrak_cluster/v_az_pa.m' -a '/home/liujin/EricHoopfer/trunk/QTRAK/qtrak_cluster/viterbi_pos.m' -a '/home/liujin/EricHoopfer/trunk/QTRAK/qtrak_cluster/viterbi_vel_ori.m' -a '/home/liujin/EricHoopfer/trunk/QTRAK/qtrak_cluster/wing_ext.m' 
Warning: Name is nonexistent or not a directory:
/usr/local/matlab-2008b/toolbox/compiler/patch. 
Warning: Name is nonexistent or not a directory:
/usr/local/matlab-2008b/toolbox/compiler/patch. 
Processing include files...
2 item(s) added.
Processing directories installed with MCR...
The file /home/liujin/EricHoopfer/trunk/QTRAK/qtrak_cluster/qtrak_cluster/src/mccExcludedFiles.log contains a list of functions excluded from the CTF archive.
0 item(s) added.
Generating MATLAB path for the compiled application...
Created 45 path items.
Begin validation of MEX files: Fri Jul 23 10:26:42 2010 
Validating '/home/liujin/EricHoopfer/trunk/QTRAK/qtrak_cluster/FFGrab.mexa64'. 
No conflicting M-file found. 
Validating '/home/liujin/EricHoopfer/trunk/QTRAK/qtrak_cluster/fhistc.mexa64'. 
No conflicting M-file found. 
Validating '/usr/local/matlab-2008b/toolbox/images/images/private/applylutc.mexa64'. 
No conflicting M-file found. 
Validating '/usr/local/matlab-2008b/toolbox/images/images/private/bwlabel1.mexa64'. 
No conflicting M-file found. 
Validating '/usr/local/matlab-2008b/toolbox/images/images/private/bwlabel2.mexa64'. 
No conflicting M-file found. 
Validating '/usr/local/matlab-2008b/toolbox/images/images/private/cq.mexa64'. 
No conflicting M-file found. 
Validating '/usr/local/matlab-2008b/toolbox/images/images/private/ditherc.mexa64'. 
Found M-file '/usr/local/matlab-2008b/toolbox/images/images/private/ditherc.m'. 
MEX file 
    '/usr/local/matlab-2008b/toolbox/images/images/private/ditherc.mexa64' 
 is valid. It contains 'mexFunction.' 
Validating '/usr/local/matlab-2008b/toolbox/images/images/private/grayto8.mexa64'. 
Found M-file '/usr/local/matlab-2008b/toolbox/images/images/private/grayto8.m'. 
MEX file 
    '/usr/local/matlab-2008b/toolbox/images/images/private/grayto8.mexa64' 
 is valid. It contains 'mexFunction.' 
Validating '/usr/local/matlab-2008b/toolbox/images/images/private/imfilter_mex.mexa64'. 
No conflicting M-file found. 
Validating '/usr/local/matlab-2008b/toolbox/images/images/private/imhistc.mexa64'. 
Found M-file '/usr/local/matlab-2008b/toolbox/images/images/private/imhistc.m'. 
MEX file 
    '/usr/local/matlab-2008b/toolbox/images/images/private/imhistc.mexa64' 
 is valid. It contains 'mexFunction.' 
Validating '/usr/local/matlab-2008b/toolbox/images/images/private/imlincombc.mexa64'. 
No conflicting M-file found. 
Validating '/usr/local/matlab-2008b/toolbox/images/images/private/immultmex.mexa64'. 
No conflicting M-file found. 
Validating '/usr/local/matlab-2008b/toolbox/images/images/private/imreconstructmex.mexa64'. 
No conflicting M-file found. 
Validating '/usr/local/matlab-2008b/toolbox/images/images/private/ind2rgb8c.mexa64'. 
No conflicting M-file found. 
Validating '/usr/local/matlab-2008b/toolbox/images/images/private/int16touint16.mexa64'. 
No conflicting M-file found. 
Validating '/usr/local/matlab-2008b/toolbox/images/images/private/intlutc.mexa64'. 
No conflicting M-file found. 
Validating '/usr/local/matlab-2008b/toolbox/images/images/private/ordf.mexa64'. 
No conflicting M-file found. 
Validating '/usr/local/matlab-2008b/toolbox/images/images/private/parityscan.mexa64'. 
No conflicting M-file found. 
Validating '/usr/local/matlab-2008b/toolbox/images/images/private/regionboundariesmex.mexa64'. 
No conflicting M-file found. 
Validating '/usr/local/matlab-2008b/toolbox/images/images/private/regionpropsmex.mexa64'. 
No conflicting M-file found. 
Validating '/usr/local/matlab-2008b/toolbox/images/images/private/resizeColumnsCore.mexa64'. 
No conflicting M-file found. 
Validating '/usr/local/matlab-2008b/toolbox/images/iptformats/private/bitparse.mexa64'. 
No conflicting M-file found. 
Validating '/usr/local/matlab-2008b/toolbox/images/iptformats/private/dicom_decode_rle_segment.mexa64'. 
No conflicting M-file found. 
Validating '/usr/local/matlab-2008b/toolbox/images/iptformats/private/dicomlookup_helper.mexa64'. 
No conflicting M-file found. 
Validating '/usr/local/matlab-2008b/toolbox/images/iptformats/private/dicomparse.mexa64'. 
No conflicting M-file found. 
Validating '/usr/local/matlab-2008b/toolbox/images/iptformats/private/tobits.mexa64'. 
No conflicting M-file found. 
Validating '/usr/local/matlab-2008b/toolbox/images/iptutils/iptcheckinput.mexa64'. 
Found M-file '/usr/local/matlab-2008b/toolbox/images/iptutils/iptcheckinput.m'. 
MEX file 
    '/usr/local/matlab-2008b/toolbox/images/iptutils/iptcheckinput.mexa64' 
 is valid. It contains 'mexFunction.' 
Validating '/usr/local/matlab-2008b/toolbox/images/iptutils/private/iptregistry.mexa64'. 
Found M-file '/usr/local/matlab-2008b/toolbox/images/iptutils/private/iptregistry.m'. 
MEX file 
    '/usr/local/matlab-2008b/toolbox/images/iptutils/private/iptregistry.mexa64' 
 is valid. It contains 'mexFunction.' 
End validation of MEX files: Fri Jul 23 10:26:42 2010 
Warning: Name is nonexistent or not a directory:
/usr/local/matlab-2008b/toolbox/compiler/patch. 
Deleting 28 temporary MEX authorization files. 
Removing: '/tmp/02ce4F7Ceqc_11492.auth'. 
Removing: '/tmp/02ce42uJGiM_11492.auth'. 
Removing: '/tmp/02ce4y35jbm_11492.auth'. 
Removing: '/tmp/02ce4pElY3V_11492.auth'. 
Removing: '/tmp/02ce4YIoDWv_11492.auth'. 
Removing: '/tmp/02ce4694iP5_11492.auth'. 
Removing: '/tmp/02ce4G3uZHF_11492.auth'. 
Removing: '/tmp/02ce4RAyGAf_11492.auth'. 
Removing: '/tmp/02ce4sqnotP_11492.auth'. 
Removing: '/tmp/02ce4cWY6lp_11492.auth'. 
Removing: '/tmp/02ce4CWdQeZ_11492.auth'. 
Removing: '/tmp/02ce4rm1z7y_11492.auth'. 
Removing: '/tmp/02ce4jksk08_11492.auth'. 
Removing: '/tmp/02ce4hsK5SI_11492.auth'. 
Removing: '/tmp/02ce4MJIRLi_11492.auth'. 
Removing: '/tmp/02ce4JqhEES_11492.auth'. 
Removing: '/tmp/02ce4FPqsxs_11492.auth'. 
Removing: '/tmp/02ce4ferhq2_11492.auth'. 
Removing: '/tmp/02ce4dZb7iC_11492.auth'. 
Removing: '/tmp/02ce4dgHXbc_11492.auth'. 
Removing: '/tmp/02ce4eNMO4L_11492.auth'. 
Removing: '/tmp/02ce45kcJXl_11492.auth'. 
Removing: '/tmp/02ce4FYHEQV_11492.auth'. 
Removing: '/tmp/02ce4WvsCJv_11492.auth'. 
Removing: '/tmp/02ce42x5AC5_11492.auth'. 
Removing: '/tmp/02ce4XNqAvF_11492.auth'. 
Removing: '/tmp/02ce4oQIAof_11492.auth'. 
Removing: '/tmp/02ce4FUMBhP_11492.auth'. 
Parsing file "/home/liujin/EricHoopfer/trunk/QTRAK/qtrak_cluster/qtrak_cluster.m"
	(Referenced from: "Compiler Command Line"). 
Parsing file "/usr/local/matlab-2008b/toolbox/compiler/deploy/deployprint.m"
	(Referenced from: "Compiler Command Line"). 
Parsing file "/usr/local/matlab-2008b/toolbox/compiler/deploy/printdlg.m"
	(Referenced from: "Compiler Command Line"). 
Generating file "/home/liujin/EricHoopfer/trunk/QTRAK/qtrak_cluster/qtrak_cluster/src/qtrak_cluster_main.c". 
Generating file "/home/liujin/EricHoopfer/trunk/QTRAK/qtrak_cluster/qtrak_cluster/src/run_qtrak_cluster.sh". 
Generating file "/home/liujin/EricHoopfer/trunk/QTRAK/qtrak_cluster/qtrak_cluster/src/readme.txt". 
Generating file "/home/liujin/EricHoopfer/trunk/QTRAK/qtrak_cluster/qtrak_cluster/src/qtrak_cluster_mcc_component_data.c". 
Executing command: mbuild  -O -v -output "qtrak_cluster" -I"/home/liujin/EricHoopfer/trunk/QTRAK/qtrak_cluster/qtrak_cluster/src" "/home/liujin/EricHoopfer/trunk/QTRAK/qtrak_cluster/qtrak_cluster/src/qtrak_cluster_main.c" "/home/liujin/EricHoopfer/trunk/QTRAK/qtrak_cluster/qtrak_cluster/src/qtrak_cluster_mcc_component_data.c" -link exe -outdir "/home/liujin/EricHoopfer/trunk/QTRAK/qtrak_cluster/qtrak_cluster/src" 
----------------------------------------------------------------
-> mbuildopts.sh sourced from directory (DIR = $HOME/.matlab/$REL_VERSION)
   FILE = /home/liujin/.matlab/R2008b/mbuildopts.sh
----------------------------------------------------------------
->    TMW_ROOT              = /usr/local/matlab-2008b
->    CC                    = gcc
->    CC flags:
         CFLAGS             = -ansi -D_GNU_SOURCE -I/usr/local/matlab-2008b/extern/include -DUNIX -DX11 -pthread
         CDEBUGFLAGS        = -g
         COPTIMFLAGS        = -O -DNDEBUG
         CLIBS              = -Wl,-rpath-link,/usr/local/matlab-2008b/bin/glnxa64 -L/usr/local/matlab-2008b/bin/glnxa64  -lmwmclmcrrt -lm
         arguments          = 
->    LD                    = gcc
->    Link flags:
         LDFLAGS            = -pthread
         LDDEBUGFLAGS       = -g
         LDOPTIMFLAGS       = -O
         arguments          = 
----------------------------------------------------------------

-> gcc -c  -I/home/liujin/EricHoopfer/trunk/QTRAK/qtrak_cluster/qtrak_cluster/src -ansi -D_GNU_SOURCE -I/usr/local/matlab-2008b/extern/include -DUNIX -DX11 -pthread  -O -DNDEBUG  "/home/liujin/EricHoopfer/trunk/QTRAK/qtrak_cluster/qtrak_cluster/src/qtrak_cluster_main.c" -o /home/liujin/EricHoopfer/trunk/QTRAK/qtrak_cluster/qtrak_cluster/src/qtrak_cluster_main.o

-> gcc -c  -I/home/liujin/EricHoopfer/trunk/QTRAK/qtrak_cluster/qtrak_cluster/src -ansi -D_GNU_SOURCE -I/usr/local/matlab-2008b/extern/include -DUNIX -DX11 -pthread  -O -DNDEBUG  "/home/liujin/EricHoopfer/trunk/QTRAK/qtrak_cluster/qtrak_cluster/src/qtrak_cluster_mcc_component_data.c" -o /home/liujin/EricHoopfer/trunk/QTRAK/qtrak_cluster/qtrak_cluster/src/qtrak_cluster_mcc_component_data.o

-> gcc -O -pthread  -o /home/liujin/EricHoopfer/trunk/QTRAK/qtrak_cluster/qtrak_cluster/src/qtrak_cluster  /home/liujin/EricHoopfer/trunk/QTRAK/qtrak_cluster/qtrak_cluster/src/qtrak_cluster_main.o /home/liujin/EricHoopfer/trunk/QTRAK/qtrak_cluster/qtrak_cluster/src/qtrak_cluster_mcc_component_data.o -Wl,-rpath-link,/usr/local/matlab-2008b/bin/glnxa64 -L/usr/local/matlab-2008b/bin/glnxa64  -lmwmclmcrrt -lm 

