Compiler version: 4.8 (R2008a) 
mcc -o 'qtrak' -W 'main' -d 'C:\Documents and Settings\liuj\My Documents\Matlab\Qtrak\qtrak\src' -T 'link:exe' -v 'C:\Documents and Settings\liuj\My Documents\Matlab\Qtrak\qtrak.m' -a 'C:\Documents and Settings\liuj\My Documents\Matlab\Qtrak\auto_cal.m' -a 'C:\Documents and Settings\liuj\My Documents\Matlab\Qtrak\auto_cal_circ.m' -a 'C:\Documents and Settings\liuj\My Documents\Matlab\Qtrak\calibrate.m' -a 'C:\Documents and Settings\liuj\My Documents\Matlab\Qtrak\callback.m' -a 'C:\Documents and Settings\liuj\My Documents\Matlab\Qtrak\CircularHough_Grd.m' -a 'C:\Documents and Settings\liuj\My Documents\Matlab\Qtrak\consist.m' -a 'C:\Documents and Settings\liuj\My Documents\Matlab\Qtrak\dist2.m' -a 'C:\Documents and Settings\liuj\My Documents\Matlab\Qtrak\ellipsefit.m' -a 'C:\Documents and Settings\liuj\My Documents\Matlab\Qtrak\fhist.m' -a 'C:\Documents and Settings\liuj\My Documents\Matlab\Qtrak\fhistc.mexw32' -a 'C:\Documents and Settings\liuj\My Documents\Matlab\Qtrak\fhistfit.m' -a 'C:\Documents and Settings\liuj\My Documents\Matlab\Qtrak\fly_bodymeas.m' -a 'C:\Documents and Settings\liuj\My Documents\Matlab\Qtrak\fly_headtailwings.m' -a 'C:\Documents and Settings\liuj\My Documents\Matlab\Qtrak\fotsu.m' -a 'C:\Documents and Settings\liuj\My Documents\Matlab\Qtrak\gauss.m' -a 'C:\Documents and Settings\liuj\My Documents\Matlab\Qtrak\gmm.m' -a 'C:\Documents and Settings\liuj\My Documents\Matlab\Qtrak\gmmactiv.m' -a 'C:\Documents and Settings\liuj\My Documents\Matlab\Qtrak\gmmem.m' -a 'C:\Documents and Settings\liuj\My Documents\Matlab\Qtrak\gmminit.m' -a 'C:\Documents and Settings\liuj\My Documents\Matlab\Qtrak\gmmpost.m' -a 'C:\Documents and Settings\liuj\My Documents\Matlab\Qtrak\gmmprob.m' -a 'C:\Documents and Settings\liuj\My Documents\Matlab\Qtrak\GNU_message.m' -a 'C:\Documents and Settings\liuj\My Documents\Matlab\Qtrak\histfit.m' -a 'C:\Documents and Settings\liuj\My Documents\Matlab\Qtrak\intersect_flies.m' -a 'C:\Documents and Settings\liuj\My Documents\Matlab\Qtrak\kmeans.m' -a 'C:\Documents and Settings\liuj\My Documents\Matlab\Qtrak\mask2ellipses.m' -a 'C:\Documents and Settings\liuj\My Documents\Matlab\Qtrak\mexDDGrab.mexw32' -a 'C:\Documents and Settings\liuj\My Documents\Matlab\Qtrak\mmread.m' -a 'C:\Documents and Settings\liuj\My Documents\Matlab\Qtrak\openavi.m' -a 'C:\Documents and Settings\liuj\My Documents\Matlab\Qtrak\PlotImage_Captioning.m' -a 'C:\Documents and Settings\liuj\My Documents\Matlab\Qtrak\processFrame.m' -a 'C:\Documents and Settings\liuj\My Documents\Matlab\Qtrak\ProcessFrameCapWin.m' -a 'C:\Documents and Settings\liuj\My Documents\Matlab\Qtrak\ProcessFrameMeanWin.m' -a 'C:\Documents and Settings\liuj\My Documents\Matlab\Qtrak\processFrameTest.m' -a 'C:\Documents and Settings\liuj\My Documents\Matlab\Qtrak\readlog.m' -a 'C:\Documents and Settings\liuj\My Documents\Matlab\Qtrak\seg_fullfly.m' -a 'C:\Documents and Settings\liuj\My Documents\Matlab\Qtrak\seg_fullfly_inconstbox.m' -a 'C:\Documents and Settings\liuj\My Documents\Matlab\Qtrak\seg_fullfly_inflexbox.m' -a 'C:\Documents and Settings\liuj\My Documents\Matlab\Qtrak\segfly.m' -a 'C:\Documents and Settings\liuj\My Documents\Matlab\Qtrak\switch_flies.m' -a 'C:\Documents and Settings\liuj\My Documents\Matlab\Qtrak\test.m' -a 'C:\Documents and Settings\liuj\My Documents\Matlab\Qtrak\write_sequence.m' -a 'C:\Documents and Settings\liuj\My Documents\Matlab\Qtrak\write_sequence_crop.m'  
Processing C:\Program Files\MATLAB\R2008a\toolbox\matlab\mcc.enc 
Processing C:\Program Files\MATLAB\R2008a\toolbox\images\mcc.enc 
Processing C:\Program Files\MATLAB\R2008a\toolbox\signal\mcc.enc 
Processing C:\Program Files\MATLAB\R2008a\toolbox\shared\imageslib\mcc.enc 
Processing include files... 
2 item(s) added. 
Processing directories installed with MCR... 
The file C:\Documents and Settings\liuj\My Documents\Matlab\Qtrak\qtrak\src\mccExcludedFiles.log contains a list of functions excluded from the CTF archive. 
1 item(s) added. 
Generating MATLAB path for the compiled application... 
Created 45 path items. 
Begin validation of MEX files: Thu May 28 14:37:48 2009 
Validating 'C:\Documents and Settings\liuj\My Documents\Matlab\Qtrak\fhistc.mexw32'. 
No conflicting M-file found. 
Validating 'C:\Documents and Settings\liuj\My Documents\Matlab\Qtrak\mexDDGrab.mexw32'. 
No conflicting M-file found. 
Validating 'C:\Program Files\MATLAB\R2008a\toolbox\compiler\deploy\deploywhich.mexw32'. 
No conflicting M-file found. 
Validating 'C:\Program Files\MATLAB\R2008a\toolbox\compiler\deploy\readline.mexw32'. 
No conflicting M-file found. 
Validating 'C:\Program Files\MATLAB\R2008a\toolbox\images\images\private\applylutc.mexw32'. 
No conflicting M-file found. 
Validating 'C:\Program Files\MATLAB\R2008a\toolbox\images\images\private\bwlabel1.mexw32'. 
No conflicting M-file found. 
Validating 'C:\Program Files\MATLAB\R2008a\toolbox\images\images\private\bwlabel2.mexw32'. 
No conflicting M-file found. 
Validating 'C:\Program Files\MATLAB\R2008a\toolbox\images\images\private\cq.mexw32'. 
No conflicting M-file found. 
Validating 'C:\Program Files\MATLAB\R2008a\toolbox\images\images\private\ditherc.mexw32'. 
Found M-file 'C:\Program Files\MATLAB\R2008a\toolbox\images\images\private\ditherc.m'. 
MEX file  
    'C:\Program Files\MATLAB\R2008a\toolbox\images\images\private\ditherc.mexw32'  
 is valid. It contains 'mexFunction.' 
Validating 'C:\Program Files\MATLAB\R2008a\toolbox\images\images\private\grayto8.mexw32'. 
Found M-file 'C:\Program Files\MATLAB\R2008a\toolbox\images\images\private\grayto8.m'. 
MEX file  
    'C:\Program Files\MATLAB\R2008a\toolbox\images\images\private\grayto8.mexw32'  
 is valid. It contains 'mexFunction.' 
Validating 'C:\Program Files\MATLAB\R2008a\toolbox\images\images\private\imfilter_mex.mexw32'. 
No conflicting M-file found. 
Validating 'C:\Program Files\MATLAB\R2008a\toolbox\images\images\private\imhistc.mexw32'. 
Found M-file 'C:\Program Files\MATLAB\R2008a\toolbox\images\images\private\imhistc.m'. 
MEX file  
    'C:\Program Files\MATLAB\R2008a\toolbox\images\images\private\imhistc.mexw32'  
 is valid. It contains 'mexFunction.' 
Validating 'C:\Program Files\MATLAB\R2008a\toolbox\images\images\private\imlincombc.mexw32'. 
No conflicting M-file found. 
Validating 'C:\Program Files\MATLAB\R2008a\toolbox\images\images\private\immultmex.mexw32'. 
No conflicting M-file found. 
Validating 'C:\Program Files\MATLAB\R2008a\toolbox\images\images\private\imreconstructmex.mexw32'. 
No conflicting M-file found. 
Validating 'C:\Program Files\MATLAB\R2008a\toolbox\images\images\private\ind2rgb8c.mexw32'. 
No conflicting M-file found. 
Validating 'C:\Program Files\MATLAB\R2008a\toolbox\images\images\private\int16touint16.mexw32'. 
No conflicting M-file found. 
Validating 'C:\Program Files\MATLAB\R2008a\toolbox\images\images\private\intlutc.mexw32'. 
No conflicting M-file found. 
Validating 'C:\Program Files\MATLAB\R2008a\toolbox\images\images\private\ordf.mexw32'. 
No conflicting M-file found. 
Validating 'C:\Program Files\MATLAB\R2008a\toolbox\images\images\private\parityscan.mexw32'. 
No conflicting M-file found. 
Validating 'C:\Program Files\MATLAB\R2008a\toolbox\images\images\private\regionboundariesmex.mexw32'. 
No conflicting M-file found. 
Validating 'C:\Program Files\MATLAB\R2008a\toolbox\images\images\private\regionpropsmex.mexw32'. 
No conflicting M-file found. 
Validating 'C:\Program Files\MATLAB\R2008a\toolbox\images\images\private\resizeColumnsCore.mexw32'. 
No conflicting M-file found. 
Validating 'C:\Program Files\MATLAB\R2008a\toolbox\images\iptutils\iptcheckinput.mexw32'. 
Found M-file 'C:\Program Files\MATLAB\R2008a\toolbox\images\iptutils\iptcheckinput.m'. 
MEX file  
    'C:\Program Files\MATLAB\R2008a\toolbox\images\iptutils\iptcheckinput.mexw32'  
 is valid. It contains 'mexFunction.' 
Validating 'C:\Program Files\MATLAB\R2008a\toolbox\images\iptutils\private\iptregistry.mexw32'. 
Found M-file 'C:\Program Files\MATLAB\R2008a\toolbox\images\iptutils\private\iptregistry.m'. 
MEX file  
    'C:\Program Files\MATLAB\R2008a\toolbox\images\iptutils\private\iptregistry.mexw32'  
 is valid. It contains 'mexFunction.' 
Validating 'C:\Program Files\MATLAB\R2008a\toolbox\images\medformats\private\bitparse.mexw32'. 
No conflicting M-file found. 
Validating 'C:\Program Files\MATLAB\R2008a\toolbox\images\medformats\private\dicom_decode_rle_segment.mexw32'. 
No conflicting M-file found. 
Validating 'C:\Program Files\MATLAB\R2008a\toolbox\images\medformats\private\dicomlookup_helper.mexw32'. 
No conflicting M-file found. 
Validating 'C:\Program Files\MATLAB\R2008a\toolbox\images\medformats\private\dicomparse.mexw32'. 
No conflicting M-file found. 
Validating 'C:\Program Files\MATLAB\R2008a\toolbox\images\medformats\private\tobits.mexw32'. 
No conflicting M-file found. 
End validation of MEX files: Thu May 28 14:37:48 2009 
Deleting 30 temporary MEX authorization files. 
Removing: 'C:\DOCUME~1\liuj\LOCALS~1\Temp\mathworks_tmp_276_15428_276.auth'. 
Removing: 'C:\DOCUME~1\liuj\LOCALS~1\Temp\mathworks_tmp_276_5925_276.auth'. 
Removing: 'C:\DOCUME~1\liuj\LOCALS~1\Temp\mathworks_tmp_276_10357_276.auth'. 
Removing: 'C:\DOCUME~1\liuj\LOCALS~1\Temp\mathworks_tmp_276_28192_276.auth'. 
Removing: 'C:\DOCUME~1\liuj\LOCALS~1\Temp\mathworks_tmp_276_20985_276.auth'. 
Removing: 'C:\DOCUME~1\liuj\LOCALS~1\Temp\mathworks_tmp_276_25297_276.auth'. 
Removing: 'C:\DOCUME~1\liuj\LOCALS~1\Temp\mathworks_tmp_276_10835_276.auth'. 
Removing: 'C:\DOCUME~1\liuj\LOCALS~1\Temp\mathworks_tmp_276_6175_276.auth'. 
Removing: 'C:\DOCUME~1\liuj\LOCALS~1\Temp\mathworks_tmp_276_10868_276.auth'. 
Removing: 'C:\DOCUME~1\liuj\LOCALS~1\Temp\mathworks_tmp_276_9786_276.auth'. 
Removing: 'C:\DOCUME~1\liuj\LOCALS~1\Temp\mathworks_tmp_276_2248_276.auth'. 
Removing: 'C:\DOCUME~1\liuj\LOCALS~1\Temp\mathworks_tmp_276_21744_276.auth'. 
Removing: 'C:\DOCUME~1\liuj\LOCALS~1\Temp\mathworks_tmp_276_29867_276.auth'. 
Removing: 'C:\DOCUME~1\liuj\LOCALS~1\Temp\mathworks_tmp_276_10704_276.auth'. 
Removing: 'C:\DOCUME~1\liuj\LOCALS~1\Temp\mathworks_tmp_276_10898_276.auth'. 
Removing: 'C:\DOCUME~1\liuj\LOCALS~1\Temp\mathworks_tmp_276_28716_276.auth'. 
Removing: 'C:\DOCUME~1\liuj\LOCALS~1\Temp\mathworks_tmp_276_3690_276.auth'. 
Removing: 'C:\DOCUME~1\liuj\LOCALS~1\Temp\mathworks_tmp_276_21121_276.auth'. 
Removing: 'C:\DOCUME~1\liuj\LOCALS~1\Temp\mathworks_tmp_276_9720_276.auth'. 
Removing: 'C:\DOCUME~1\liuj\LOCALS~1\Temp\mathworks_tmp_276_6095_276.auth'. 
Removing: 'C:\DOCUME~1\liuj\LOCALS~1\Temp\mathworks_tmp_276_23365_276.auth'. 
Removing: 'C:\DOCUME~1\liuj\LOCALS~1\Temp\mathworks_tmp_276_27869_276.auth'. 
Removing: 'C:\DOCUME~1\liuj\LOCALS~1\Temp\mathworks_tmp_276_28506_276.auth'. 
Removing: 'C:\DOCUME~1\liuj\LOCALS~1\Temp\mathworks_tmp_276_8325_276.auth'. 
Removing: 'C:\DOCUME~1\liuj\LOCALS~1\Temp\mathworks_tmp_276_2001_276.auth'. 
Removing: 'C:\DOCUME~1\liuj\LOCALS~1\Temp\mathworks_tmp_276_13176_276.auth'. 
Removing: 'C:\DOCUME~1\liuj\LOCALS~1\Temp\mathworks_tmp_276_22028_276.auth'. 
Removing: 'C:\DOCUME~1\liuj\LOCALS~1\Temp\mathworks_tmp_276_24356_276.auth'. 
Removing: 'C:\DOCUME~1\liuj\LOCALS~1\Temp\mathworks_tmp_276_3348_276.auth'. 
Removing: 'C:\DOCUME~1\liuj\LOCALS~1\Temp\mathworks_tmp_276_5264_276.auth'. 
Parsing file "C:\Documents and Settings\liuj\My Documents\Matlab\Qtrak\qtrak.m" 
	(Referenced from: "Compiler Command Line"). 
Parsing file "C:\Program Files\MATLAB\R2008a\toolbox\compiler\deploy\deployprint.m" 
	(Referenced from: "Compiler Command Line"). 
Parsing file "C:\Program Files\MATLAB\R2008a\toolbox\compiler\deploy\printdlg.m" 
	(Referenced from: "Compiler Command Line"). 
Generating file "C:\Documents and Settings\liuj\My Documents\Matlab\Qtrak\qtrak\src\qtrak_main.c". 
Generating file "C:\Documents and Settings\liuj\My Documents\Matlab\Qtrak\qtrak\src\readme.txt". 
Generating file "C:\Documents and Settings\liuj\My Documents\Matlab\Qtrak\qtrak\src\qtrak_mcc_component_data.c". 
Executing command: mbuild  -O -v -output "qtrak" -I"C:\Documents and Settings\liuj\My Documents\Matlab\Qtrak\qtrak\src" "C:\Documents and Settings\liuj\My Documents\Matlab\Qtrak\qtrak\src\qtrak_main.c" "C:\Documents and Settings\liuj\My Documents\Matlab\Qtrak\qtrak\src\qtrak_mcc_component_data.c" -link exe -outdir "C:\Documents and Settings\liuj\My Documents\Matlab\Qtrak\qtrak\src" 
 This is mbuild Copyright 1984-2006 The MathWorks, Inc. 
 
-> Default options filename found in C:\Documents and Settings\liuj\Application Data\MathWorks\MATLAB\R2008a 
---------------------------------------------------------------- 
->    Options file           = C:\Documents and Settings\liuj\Application Data\MathWorks\MATLAB\R2008a\compopts.bat 
->    COMPILER               = cl 
->    Compiler flags: 
         COMPFLAGS           = -c -Zp8 -GR -W3 -EHsc- -Zc:wchar_t- -nologo /D_CRT_SECURE_NO_DEPRECATE 
         OPTIMFLAGS          = -O2 -DNDEBUG 
         DEBUGFLAGS          = -Zi -Fd"C:\Documents and Settings\liuj\My Documents\Matlab\Qtrak\qtrak\src\qtrak.pdb" 
         arguments           =  "-IC:\Documents and Settings\liuj\My Documents\Matlab\Qtrak\qtrak\src" 
         Name switch         = /Fo 
->    Pre-linking commands   =  
->    LINKER                 = link 
->    Link directives: 
         LINKFLAGS           = kernel32.lib user32.lib gdi32.lib winspool.lib comdlg32.lib advapi32.lib shell32.lib oleaut32.lib ole32.lib uuid.lib odbc32.lib odbccp32.lib /LIBPATH:"C:\PROGRA~1\MATLAB\R2008a\extern\lib\win32\microsoft" /nologo mclmcrrt.lib 
         LINKFLAGSPOST       =  
         Name directive      = "/out:C:\Documents and Settings\liuj\My Documents\Matlab\Qtrak\qtrak\src\qtrak.exe" 
         File link directive =  
         Lib. link directive =  
         Rsp file indicator  = @ 
->    Resource Compiler      = rc /fo "C:\Documents and Settings\liuj\My Documents\Matlab\Qtrak\qtrak\src\.res" 
->    Resource Linker        =  
---------------------------------------------------------------- 
 
 
--> cl  "-IC:\Documents and Settings\liuj\My Documents\Matlab\Qtrak\qtrak\src" -c -Zp8 -GR -W3 -EHsc- -Zc:wchar_t- -nologo /D_CRT_SECURE_NO_DEPRECATE /FoC:\DOCUME~1\liuj\LOCALS~1\Temp\mbuild_7gM5nt\qtrak_main.obj -IC:\PROGRA~1\MATLAB\R2008a\extern\include -IC:\PROGRA~1\MATLAB\R2008a\simulink\include -O2 -DNDEBUG "C:\Documents and Settings\liuj\My Documents\Matlab\Qtrak\qtrak\src\qtrak_main.c" 
 
qtrak_main.c 
 
--> cl  "-IC:\Documents and Settings\liuj\My Documents\Matlab\Qtrak\qtrak\src" -c -Zp8 -GR -W3 -EHsc- -Zc:wchar_t- -nologo /D_CRT_SECURE_NO_DEPRECATE /FoC:\DOCUME~1\liuj\LOCALS~1\Temp\mbuild_7gM5nt\qtrak_mcc_component_data.obj -IC:\PROGRA~1\MATLAB\R2008a\extern\include -IC:\PROGRA~1\MATLAB\R2008a\simulink\include -O2 -DNDEBUG "C:\Documents and Settings\liuj\My Documents\Matlab\Qtrak\qtrak\src\qtrak_mcc_component_data.c" 
 
qtrak_mcc_component_data.c 
    Contents of C:\DOCUME~1\liuj\LOCALS~1\Temp\mbuild_7gM5nt\mbuild_tmp.rsp: 
  C:\DOCUME~1\liuj\LOCALS~1\Temp\mbuild_7gM5nt\qtrak_main.obj  C:\DOCUME~1\liuj\LOCALS~1\Temp\mbuild_7gM5nt\qtrak_mcc_component_data.obj 
 
 
--> link "/out:C:\Documents and Settings\liuj\My Documents\Matlab\Qtrak\qtrak\src\qtrak.exe" kernel32.lib user32.lib gdi32.lib winspool.lib comdlg32.lib advapi32.lib shell32.lib oleaut32.lib ole32.lib uuid.lib odbc32.lib odbccp32.lib /LIBPATH:"C:\PROGRA~1\MATLAB\R2008a\extern\lib\win32\microsoft" /nologo mclmcrrt.lib  @C:\DOCUME~1\liuj\LOCALS~1\Temp\mbuild_7gM5nt\mbuild_tmp.rsp   
 
 
--> if exist C:\DOCUME~1\liuj\LOCALS~1\Temp\mbuild_7gM5nt\templib.def del C:\DOCUME~1\liuj\LOCALS~1\Temp\mbuild_7gM5nt\templib.def 
 
