Warning: Duplicate directory name: /usr/local/matlab-2008b/toolbox/local. 
Compiler version: 4.9 (R2008b) 
Processing /usr/local/matlab-2008b/toolbox/matlab/mcc.enc
Processing /usr/local/matlab-2008b/toolbox/images/mcc.enc
Processing /usr/local/matlab-2008b/toolbox/signal/mcc.enc
Processing /usr/local/matlab-2008b/toolbox/shared/imageslib/mcc.enc
mcc -o 'qtrak_preprocess' -W 'main' -d '/home/liujin/SourceCode/compiledqtrak/qtrak_preprocess/src' -T 'link:exe' -v -C '/home/liujin/SourceCode/compiledqtrak/qtrak_preprocess.m' -a '/home/liujin/SourceCode/compiledqtrak/auto_cal.m' -a '/home/liujin/SourceCode/compiledqtrak/auto_cal_circ.m' -a '/home/liujin/SourceCode/compiledqtrak/calibrate.m' -a '/home/liujin/SourceCode/compiledqtrak/callback.m' -a '/home/liujin/SourceCode/compiledqtrak/CircularHough_Grd.m' -a '/home/liujin/SourceCode/compiledqtrak/consist.m' -a '/home/liujin/SourceCode/compiledqtrak/dist2.m' -a '/home/liujin/SourceCode/compiledqtrak/ellipsefit.m' -a '/home/liujin/SourceCode/compiledqtrak/FFGrab.mexa64' -a '/home/liujin/SourceCode/compiledqtrak/fhist.m' -a '/home/liujin/SourceCode/compiledqtrak/fhistc.mexa64' -a '/home/liujin/SourceCode/compiledqtrak/fhistfit.m' -a '/home/liujin/SourceCode/compiledqtrak/fly_bodymeas.m' -a '/home/liujin/SourceCode/compiledqtrak/fly_headtailwings.m' -a '/home/liujin/SourceCode/compiledqtrak/fotsu.m' -a '/home/liujin/SourceCode/compiledqtrak/gauss.m' -a '/home/liujin/SourceCode/compiledqtrak/gmm.m' -a '/home/liujin/SourceCode/compiledqtrak/gmmactiv.m' -a '/home/liujin/SourceCode/compiledqtrak/gmmem.m' -a '/home/liujin/SourceCode/compiledqtrak/gmminit.m' -a '/home/liujin/SourceCode/compiledqtrak/gmmpost.m' -a '/home/liujin/SourceCode/compiledqtrak/gmmprob.m' -a '/home/liujin/SourceCode/compiledqtrak/GNU_message.m' -a '/home/liujin/SourceCode/compiledqtrak/histfit.m' -a '/home/liujin/SourceCode/compiledqtrak/intersect_flies.m' -a '/home/liujin/SourceCode/compiledqtrak/kmeans.m' -a '/home/liujin/SourceCode/compiledqtrak/mask2ellipses.m' -a '/home/liujin/SourceCode/compiledqtrak/mmread.m' -a '/home/liujin/SourceCode/compiledqtrak/openavi.m' -a '/home/liujin/SourceCode/compiledqtrak/PlotImage_Captioning.m' -a '/home/liujin/SourceCode/compiledqtrak/ProcessFrameCapWin.m' -a '/home/liujin/SourceCode/compiledqtrak/ProcessFrameMeanWin.m' -a '/home/liujin/SourceCode/compiledqtrak/seg_fullfly.m' -a '/home/liujin/SourceCode/compiledqtrak/seg_fullfly_inconstbox.m' -a '/home/liujin/SourceCode/compiledqtrak/seg_fullfly_inflexbox.m' -a '/home/liujin/SourceCode/compiledqtrak/segfly.m' -a '/home/liujin/SourceCode/compiledqtrak/switch_flies.m' -a '/home/liujin/SourceCode/compiledqtrak/write_sequence.m' -a '/home/liujin/SourceCode/compiledqtrak/write_sequence_crop.m' 
Warning: Name is nonexistent or not a directory:
/usr/local/matlab-2008b/toolbox/compiler/patch. 
Warning: Name is nonexistent or not a directory:
/usr/local/matlab-2008b/toolbox/compiler/patch. 
Processing include files...
2 item(s) added.
Processing directories installed with MCR...
The file /home/liujin/SourceCode/compiledqtrak/qtrak_preprocess/src/mccExcludedFiles.log contains a list of functions excluded from the CTF archive.
0 item(s) added.
Generating MATLAB path for the compiled application...
Created 46 path items.
Begin validation of MEX files: Mon Jan 11 19:12:49 2010 
Validating '/home/liujin/SourceCode/compiledqtrak/FFGrab.mexa64'. 
No conflicting M-file found. 
Validating '/home/liujin/SourceCode/compiledqtrak/fhistc.mexa64'. 
No conflicting M-file found. 
Validating '/usr/local/matlab-2008b/toolbox/images/images/private/applylutc.mexa64'. 
No conflicting M-file found. 
Validating '/usr/local/matlab-2008b/toolbox/images/images/private/bwlabel1.mexa64'. 
No conflicting M-file found. 
Validating '/usr/local/matlab-2008b/toolbox/images/images/private/bwlabel2.mexa64'. 
No conflicting M-file found. 
Validating '/usr/local/matlab-2008b/toolbox/images/images/private/cq.mexa64'. 
No conflicting M-file found. 
Validating '/usr/local/matlab-2008b/toolbox/images/images/private/ditherc.mexa64'. 
Found M-file '/usr/local/matlab-2008b/toolbox/images/images/private/ditherc.m'. 
MEX file 
    '/usr/local/matlab-2008b/toolbox/images/images/private/ditherc.mexa64' 
 is valid. It contains 'mexFunction.' 
Validating '/usr/local/matlab-2008b/toolbox/images/images/private/grayto8.mexa64'. 
Found M-file '/usr/local/matlab-2008b/toolbox/images/images/private/grayto8.m'. 
MEX file 
    '/usr/local/matlab-2008b/toolbox/images/images/private/grayto8.mexa64' 
 is valid. It contains 'mexFunction.' 
Validating '/usr/local/matlab-2008b/toolbox/images/images/private/imfilter_mex.mexa64'. 
No conflicting M-file found. 
Validating '/usr/local/matlab-2008b/toolbox/images/images/private/imhistc.mexa64'. 
Found M-file '/usr/local/matlab-2008b/toolbox/images/images/private/imhistc.m'. 
MEX file 
    '/usr/local/matlab-2008b/toolbox/images/images/private/imhistc.mexa64' 
 is valid. It contains 'mexFunction.' 
Validating '/usr/local/matlab-2008b/toolbox/images/images/private/imlincombc.mexa64'. 
No conflicting M-file found. 
Validating '/usr/local/matlab-2008b/toolbox/images/images/private/immultmex.mexa64'. 
No conflicting M-file found. 
Validating '/usr/local/matlab-2008b/toolbox/images/images/private/imreconstructmex.mexa64'. 
No conflicting M-file found. 
Validating '/usr/local/matlab-2008b/toolbox/images/images/private/ind2rgb8c.mexa64'. 
No conflicting M-file found. 
Validating '/usr/local/matlab-2008b/toolbox/images/images/private/int16touint16.mexa64'. 
No conflicting M-file found. 
Validating '/usr/local/matlab-2008b/toolbox/images/images/private/intlutc.mexa64'. 
No conflicting M-file found. 
Validating '/usr/local/matlab-2008b/toolbox/images/images/private/ordf.mexa64'. 
No conflicting M-file found. 
Validating '/usr/local/matlab-2008b/toolbox/images/images/private/parityscan.mexa64'. 
No conflicting M-file found. 
Validating '/usr/local/matlab-2008b/toolbox/images/images/private/regionboundariesmex.mexa64'. 
No conflicting M-file found. 
Validating '/usr/local/matlab-2008b/toolbox/images/images/private/regionpropsmex.mexa64'. 
No conflicting M-file found. 
Validating '/usr/local/matlab-2008b/toolbox/images/images/private/resizeColumnsCore.mexa64'. 
No conflicting M-file found. 
Validating '/usr/local/matlab-2008b/toolbox/images/iptformats/private/bitparse.mexa64'. 
No conflicting M-file found. 
Validating '/usr/local/matlab-2008b/toolbox/images/iptformats/private/dicom_decode_rle_segment.mexa64'. 
No conflicting M-file found. 
Validating '/usr/local/matlab-2008b/toolbox/images/iptformats/private/dicomlookup_helper.mexa64'. 
No conflicting M-file found. 
Validating '/usr/local/matlab-2008b/toolbox/images/iptformats/private/dicomparse.mexa64'. 
No conflicting M-file found. 
Validating '/usr/local/matlab-2008b/toolbox/images/iptformats/private/tobits.mexa64'. 
No conflicting M-file found. 
Validating '/usr/local/matlab-2008b/toolbox/images/iptutils/iptcheckinput.mexa64'. 
Found M-file '/usr/local/matlab-2008b/toolbox/images/iptutils/iptcheckinput.m'. 
MEX file 
    '/usr/local/matlab-2008b/toolbox/images/iptutils/iptcheckinput.mexa64' 
 is valid. It contains 'mexFunction.' 
Validating '/usr/local/matlab-2008b/toolbox/images/iptutils/private/iptregistry.mexa64'. 
Found M-file '/usr/local/matlab-2008b/toolbox/images/iptutils/private/iptregistry.m'. 
MEX file 
    '/usr/local/matlab-2008b/toolbox/images/iptutils/private/iptregistry.mexa64' 
 is valid. It contains 'mexFunction.' 
End validation of MEX files: Mon Jan 11 19:12:49 2010 
Warning: Name is nonexistent or not a directory:
/usr/local/matlab-2008b/toolbox/compiler/patch. 
Deleting 28 temporary MEX authorization files. 
Removing: '/tmp/00fbae14lSB_4026.auth'. 
Removing: '/tmp/00fbarsOHhu_4026.auth'. 
Removing: '/tmp/00fbahSjhHm_4026.auth'. 
Removing: '/tmp/00fbauO9U6e_4026.auth'. 
Removing: '/tmp/00fbaTEUCw7_4026.auth'. 
Removing: '/tmp/00fba8qQoWZ_4026.auth'. 
Removing: '/tmp/00fbaIPqfmS_4026.auth'. 
Removing: '/tmp/00fbapWnaMK_4026.auth'. 
Removing: '/tmp/00fbadGxacD_4026.auth'. 
Removing: '/tmp/00fbacSteCv_4026.auth'. 
Removing: '/tmp/00fbaOK7l2n_4026.auth'. 
Removing: '/tmp/00fbao5Nxsg_4026.auth'. 
Removing: '/tmp/00fbay42MS8_4026.auth'. 
Removing: '/tmp/00fba9Ul5i1_4026.auth'. 
Removing: '/tmp/00fbaomEqJT_4026.auth'. 
Removing: '/tmp/00fbarA5O9L_4026.auth'. 
Removing: '/tmp/00fbaf1whAE_4026.auth'. 
Removing: '/tmp/00fbaQfTM0w_4026.auth'. 
Removing: '/tmp/00fbaParlrp_4026.auth'. 
Removing: '/tmp/00fbaOg4WRh_4026.auth'. 
Removing: '/tmp/00fbaDEdCia_4026.auth'. 
Removing: '/tmp/00fbabrBnJ2_4026.auth'. 
Removing: '/tmp/00fbaf5zcaV_4026.auth'. 
Removing: '/tmp/00fbaaam6AN_4026.auth'. 
Removing: '/tmp/00fba2yh31F_4026.auth'. 
Removing: '/tmp/00fbaHRg3sy_4026.auth'. 
Removing: '/tmp/00fbau8m6Tq_4026.auth'. 
Removing: '/tmp/00fbaAUDclj_4026.auth'. 
Parsing file "/home/liujin/SourceCode/compiledqtrak/qtrak_preprocess.m"
	(Referenced from: "Compiler Command Line"). 
Parsing file "/usr/local/matlab-2008b/toolbox/compiler/deploy/deployprint.m"
	(Referenced from: "Compiler Command Line"). 
Parsing file "/usr/local/matlab-2008b/toolbox/compiler/deploy/printdlg.m"
	(Referenced from: "Compiler Command Line"). 
Generating file "/home/liujin/SourceCode/compiledqtrak/qtrak_preprocess/src/qtrak_preprocess_main.c". 
Generating file "/home/liujin/SourceCode/compiledqtrak/qtrak_preprocess/src/run_qtrak_preprocess.sh". 
Generating file "/home/liujin/SourceCode/compiledqtrak/qtrak_preprocess/src/readme.txt". 
Generating file "/home/liujin/SourceCode/compiledqtrak/qtrak_preprocess/src/qtrak_preprocess_mcc_component_data.c". 
Executing command: mbuild  -O -v -output "qtrak_preprocess" -I"/home/liujin/SourceCode/compiledqtrak/qtrak_preprocess/src" "/home/liujin/SourceCode/compiledqtrak/qtrak_preprocess/src/qtrak_preprocess_main.c" "/home/liujin/SourceCode/compiledqtrak/qtrak_preprocess/src/qtrak_preprocess_mcc_component_data.c" -link exe -outdir "/home/liujin/SourceCode/compiledqtrak/qtrak_preprocess/src" 
----------------------------------------------------------------
-> mbuildopts.sh sourced from directory (DIR = $HOME/.matlab/$REL_VERSION)
   FILE = /home/liujin/.matlab/R2008b/mbuildopts.sh
----------------------------------------------------------------
->    TMW_ROOT              = /usr/local/matlab-2008b
->    CC                    = gcc
->    CC flags:
         CFLAGS             = -ansi -D_GNU_SOURCE -I/usr/local/matlab-2008b/extern/include -DUNIX -DX11 -pthread
         CDEBUGFLAGS        = -g
         COPTIMFLAGS        = -O -DNDEBUG
         CLIBS              = -Wl,-rpath-link,/usr/local/matlab-2008b/bin/glnxa64 -L/usr/local/matlab-2008b/bin/glnxa64  -lmwmclmcrrt -lm
         arguments          = 
->    LD                    = gcc
->    Link flags:
         LDFLAGS            = -pthread
         LDDEBUGFLAGS       = -g
         LDOPTIMFLAGS       = -O
         arguments          = 
----------------------------------------------------------------

-> gcc -c  -I/home/liujin/SourceCode/compiledqtrak/qtrak_preprocess/src -ansi -D_GNU_SOURCE -I/usr/local/matlab-2008b/extern/include -DUNIX -DX11 -pthread  -O -DNDEBUG  "/home/liujin/SourceCode/compiledqtrak/qtrak_preprocess/src/qtrak_preprocess_main.c" -o /home/liujin/SourceCode/compiledqtrak/qtrak_preprocess/src/qtrak_preprocess_main.o

-> gcc -c  -I/home/liujin/SourceCode/compiledqtrak/qtrak_preprocess/src -ansi -D_GNU_SOURCE -I/usr/local/matlab-2008b/extern/include -DUNIX -DX11 -pthread  -O -DNDEBUG  "/home/liujin/SourceCode/compiledqtrak/qtrak_preprocess/src/qtrak_preprocess_mcc_component_data.c" -o /home/liujin/SourceCode/compiledqtrak/qtrak_preprocess/src/qtrak_preprocess_mcc_component_data.o

-> gcc -O -pthread  -o /home/liujin/SourceCode/compiledqtrak/qtrak_preprocess/src/qtrak_preprocess  /home/liujin/SourceCode/compiledqtrak/qtrak_preprocess/src/qtrak_preprocess_main.o /home/liujin/SourceCode/compiledqtrak/qtrak_preprocess/src/qtrak_preprocess_mcc_component_data.o -Wl,-rpath-link,/usr/local/matlab-2008b/bin/glnxa64 -L/usr/local/matlab-2008b/bin/glnxa64  -lmwmclmcrrt -lm 

